#
# There is insufficient memory for the Java Runtime Environment to continue.
# Native memory allocation (malloc) failed to allocate 1048576 bytes for AllocateHeap
# Possible reasons:
#   The system is out of physical RAM or swap space
#   In 32 bit mode, the process size limit was hit
# Possible solutions:
#   Reduce memory load on the system
#   Increase physical memory or swap space
#   Check if swap backing store is full
#   Use 64 bit Java on a 64 bit OS
#   Decrease Java heap size (-Xmx/-Xms)
#   Decrease number of Java threads
#   Decrease Java thread stack sizes (-Xss)
#   Set larger code cache with -XX:ReservedCodeCacheSize=
# This output file may be truncated or incomplete.
#
#  Out of Memory Error (memory/allocation.inline.hpp:61), pid=17620, tid=0x0000000000002714
#
# JRE version:  (8.0_152-b16) (build )
# Java VM: Java HotSpot(TM) 64-Bit Server VM (25.152-b16 mixed mode windows-amd64 compressed oops)
# Failed to write core dump. Minidumps are not enabled by default on client versions of Windows
#

---------------  T H R E A D  ---------------

Current thread (0x00000000034f2800):  JavaThread "Unknown thread" [_thread_in_vm, id=10004, stack(0x00000000033f0000,0x00000000034f0000)]

Stack: [0x00000000033f0000,0x00000000034f0000]
[error occurred during error reporting (printing stack bounds), id 0xc0000005]

Native frames: (J=compiled Java code, j=interpreted, Vv=VM code, C=native code)


---------------  P R O C E S S  ---------------

Java Threads: ( => current thread )

Other Threads:

=>0x00000000034f2800 (exited) JavaThread "Unknown thread" [_thread_in_vm, id=10004, stack(0x00000000033f0000,0x00000000034f0000)]

VM state:not at safepoint (normal execution)

VM Mutex/Monitor currently owned by a thread: None

Heap:
 PSYoungGen      total 38400K, used 665K [0x00000000d5b80000, 0x00000000d8600000, 0x0000000100000000)
  eden space 33280K, 2% used [0x00000000d5b80000,0x00000000d5c26670,0x00000000d7c00000)
  from space 5120K, 0% used [0x00000000d8100000,0x00000000d8100000,0x00000000d8600000)
  to   space 5120K, 0% used [0x00000000d7c00000,0x00000000d7c00000,0x00000000d8100000)
 ParOldGen       total 87552K, used 0K [0x0000000081200000, 0x0000000086780000, 0x00000000d5b80000)
  object space 87552K, 0% used [0x0000000081200000,0x0000000081200000,0x0000000086780000)
 Metaspace       used 781K, capacity 4480K, committed 4480K, reserved 1056768K
  class space    used 75K, capacity 384K, committed 384K, reserved 1048576K

Card table byte_map: [0x00000000129b0000,0x0000000012db0000] byte_map_base: 0x00000000125a7000

Marking Bits: (ParMarkBitMap*) 0x000000005a020860
 Begin Bits: [0x0000000013460000, 0x0000000015418000)
 End Bits:   [0x0000000015418000, 0x00000000173d0000)

Polling page: 0x0000000001330000

CodeCache: size=245760Kb used=328Kb max_used=328Kb free=245431Kb
 bounds [0x00000000035f0000, 0x0000000003860000, 0x00000000125f0000]
 total_blobs=58 nmethods=0 adapters=38
 compilation: enabled

Compilation events (0 events):
No events

GC Heap History (0 events):
No events

Deoptimization events (0 events):
No events

Classes redefined (0 events):
No events

Internal exceptions (0 events):
No events

Events (10 events):
Event: 0.054 loading class java/lang/Short
Event: 0.054 loading class java/lang/Short done
Event: 0.054 loading class java/lang/Integer
Event: 0.055 loading class java/lang/Integer done
Event: 0.055 loading class java/lang/Long
Event: 0.055 loading class java/lang/Long done
Event: 0.056 loading class java/lang/NullPointerException
Event: 0.056 loading class java/lang/NullPointerException done
Event: 0.056 loading class java/lang/ArithmeticException
Event: 0.056 loading class java/lang/ArithmeticException done


Dynamic libraries:
0x00007ff6e41e0000 - 0x00007ff6e4217000 	G:\DevelopTools\Java\jdk1.8.0_152\bin\javaw.exe
0x00007ffc27c20000 - 0x00007ffc27dfb000 	C:\Windows\SYSTEM32\ntdll.dll
0x00007ffc27480000 - 0x00007ffc2752e000 	C:\Windows\System32\KERNEL32.DLL
0x00007ffc24810000 - 0x00007ffc24a59000 	C:\Windows\System32\KERNELBASE.dll
0x00007ffc27530000 - 0x00007ffc275d1000 	C:\Windows\System32\ADVAPI32.dll
0x00007ffc254e0000 - 0x00007ffc2557d000 	C:\Windows\System32\msvcrt.dll
0x00007ffc27bb0000 - 0x00007ffc27c09000 	C:\Windows\System32\sechost.dll
0x00007ffc258d0000 - 0x00007ffc259f5000 	C:\Windows\System32\RPCRT4.dll
0x00007ffc25660000 - 0x00007ffc257aa000 	C:\Windows\System32\USER32.dll
0x00007ffc25160000 - 0x00007ffc2517e000 	C:\Windows\System32\win32u.dll
0x00007ffc254b0000 - 0x00007ffc254d7000 	C:\Windows\System32\GDI32.dll
0x00007ffc24440000 - 0x00007ffc245c8000 	C:\Windows\System32\gdi32full.dll
0x00007ffc241f0000 - 0x00007ffc2428a000 	C:\Windows\System32\msvcp_win.dll
0x00007ffc242e0000 - 0x00007ffc243d6000 	C:\Windows\System32\ucrtbase.dll
0x00007ffc166a0000 - 0x00007ffc16907000 	C:\Windows\WinSxS\amd64_microsoft.windows.common-controls_6595b64144ccf1df_6.0.15063.483_none_26002d27e7c744a2\COMCTL32.dll
0x00007ffc251b0000 - 0x00007ffc254a9000 	C:\Windows\System32\combase.dll
0x00007ffc245d0000 - 0x00007ffc2463a000 	C:\Windows\System32\bcryptPrimitives.dll
0x00007ffc25180000 - 0x00007ffc251ad000 	C:\Windows\System32\IMM32.DLL
0x000000005a7f0000 - 0x000000005a8c2000 	G:\DevelopTools\Java\jdk1.8.0_152\jre\bin\msvcr100.dll
0x0000000059800000 - 0x000000005a0a0000 	G:\DevelopTools\Java\jdk1.8.0_152\jre\bin\server\jvm.dll
0x00007ffc27c10000 - 0x00007ffc27c18000 	C:\Windows\System32\PSAPI.DLL
0x00007ffc1fe60000 - 0x00007ffc1fe69000 	C:\Windows\SYSTEM32\WSOCK32.dll
0x00007ffc25ba0000 - 0x00007ffc25c0c000 	C:\Windows\System32\WS2_32.dll
0x00007ffc210c0000 - 0x00007ffc210e3000 	C:\Windows\SYSTEM32\WINMM.dll
0x00007ffc176e0000 - 0x00007ffc176ea000 	C:\Windows\SYSTEM32\VERSION.dll
0x00007ffc21060000 - 0x00007ffc2108b000 	C:\Windows\SYSTEM32\winmmbase.dll
0x00007ffc24290000 - 0x00007ffc242d9000 	C:\Windows\System32\cfgmgr32.dll
0x000000005b6c0000 - 0x000000005b6cf000 	G:\DevelopTools\Java\jdk1.8.0_152\jre\bin\verify.dll
0x000000005b690000 - 0x000000005b6b9000 	G:\DevelopTools\Java\jdk1.8.0_152\jre\bin\java.dll
0x000000005a1d0000 - 0x000000005a205000 	G:\DevelopTools\Java\jdk1.8.0_152\jre\bin\jdwp.dll
0x000000005a7d0000 - 0x000000005a7d8000 	G:\DevelopTools\Java\jdk1.8.0_152\jre\bin\npt.dll
0x000000005a940000 - 0x000000005a956000 	G:\DevelopTools\Java\jdk1.8.0_152\jre\bin\zip.dll

VM Arguments:
jvm_args: -agentlib:jdwp=transport=dt_socket,suspend=y,address=localhost:13185 -Dmaven.home=G:\DevelopTools\apache-maven-3.3.9 -Dclassworlds.conf=G:\Code\JavaEEProject\.metadata\.plugins\org.eclipse.m2e.launching\launches\m2conf4763292955644382914.tmp -Dmaven.multiModuleProjectDirectory=G:\Code\JavaEEProject\e3-order-web -Dfile.encoding=UTF-8 
java_command: org.codehaus.plexus.classworlds.launcher.Launcher -B -s G:\Code\JavaEEProject\repository\settings.xml clean tomcat7:run
java_class_path (initial): G:\DevelopTools\apache-maven-3.3.9\boot\plexus-classworlds-2.5.2.jar
Launcher Type: SUN_STANDARD

Environment Variables:
JAVA_HOME=G:\DevelopTools\Java\jdk1.8.0_152
CLASSPATH=.;G:\DevelopTools\Java\jdk1.8.0_152\lib;G:\DevelopTools\Java\jdk1.8.0_152\lib\tools.jar
PATH=G:/DevelopTools/Java/jdk1.8.0_152/bin/../jre/bin/server;G:/DevelopTools/Java/jdk1.8.0_152/bin/../jre/bin;G:/DevelopTools/Java/jdk1.8.0_152/bin/../jre/lib/amd64;C:\Windows\system32;C:\Windows;C:\Windows\System32\Wbem;C:\Windows\System32\WindowsPowerShell\v1.0\;C:\Program Files (x86)\NVIDIA Corporation\PhysX\Common;C:\Program Files\Microsoft SQL Server\110\Tools\Binn\;G:\Program Files\MySQL\MySQL Server 5.5\bin;G:\DevelopTools\Git\cmd;G:\DevelopTools\Redis\;G:\DevelopTools\Python\Scripts\;G:\DevelopTools\Python\;C:\Users\LongLong\AppData\Local\Microsoft\WindowsApps;G:\DevelopTools\Java\jdk1.8.0_152\bin;G:\DevelopTools\Java\jdk1.8.0_152\jre\bin;;G:\DevelopTools\eclipse;
USERNAME=LongLong
OS=Windows_NT
PROCESSOR_IDENTIFIER=Intel64 Family 6 Model 60 Stepping 3, GenuineIntel



---------------  S Y S T E M  ---------------

OS: Windows 10.0 , 64 bit Build 15063 (10.0.15063.296)

CPU:total 4 (initial active 4) (2 cores per cpu, 2 threads per core) family 6 model 60 stepping 3, cmov, cx8, fxsr, mmx, sse, sse2, sse3, ssse3, sse4.1, sse4.2, popcnt, avx, avx2, aes, clmul, erms, lzcnt, ht, tsc, tscinvbit, bmi1, bmi2

Memory: 4k page, physical 8314216k(2015136k free), swap 14755932k(6124k free)

vm_info: Java HotSpot(TM) 64-Bit Server VM (25.152-b16) for windows-amd64 JRE (1.8.0_152-b16), built on Sep 14 2017 02:29:36 by "java_re" with MS VC++ 10.0 (VS2010)

time: Mon Jul 09 23:29:56 2018
elapsed time: 0 seconds (0d 0h 0m 0s)

