#
# There is insufficient memory for the Java Runtime Environment to continue.
# Native memory allocation (malloc) failed to allocate 91728 bytes for Chunk::new
# Possible reasons:
#   The system is out of physical RAM or swap space
#   In 32 bit mode, the process size limit was hit
# Possible solutions:
#   Reduce memory load on the system
#   Increase physical memory or swap space
#   Check if swap backing store is full
#   Use 64 bit Java on a 64 bit OS
#   Decrease Java heap size (-Xmx/-Xms)
#   Decrease number of Java threads
#   Decrease Java thread stack sizes (-Xss)
#   Set larger code cache with -XX:ReservedCodeCacheSize=
# This output file may be truncated or incomplete.
#
#  Out of Memory Error (allocation.cpp:390), pid=15468, tid=0x0000000000003d44
#
# JRE version: Java(TM) SE Runtime Environment (8.0_152-b16) (build 1.8.0_152-b16)
# Java VM: Java HotSpot(TM) 64-Bit Server VM (25.152-b16 mixed mode windows-amd64 compressed oops)
# Failed to write core dump. Minidumps are not enabled by default on client versions of Windows
#

---------------  T H R E A D  ---------------

Current thread (0x0000000018e55000):  JavaThread "C2 CompilerThread1" daemon [_thread_in_native, id=15684, stack(0x0000000019540000,0x0000000019640000)]

Stack: [0x0000000019540000,0x0000000019640000]
[error occurred during error reporting (printing stack bounds), id 0xc0000005]

Native frames: (J=compiled Java code, j=interpreted, Vv=VM code, C=native code)


Current CompileTask:
C2: 309658 6911       4       org.eclipse.jdt.internal.compiler.lookup.BinaryTypeBinding::createMethod (1098 bytes)


---------------  P R O C E S S  ---------------

Java Threads: ( => current thread )
  0x000000001e0f4800 JavaThread "DubboClientHandler-192.168.25.1:20884-thread-2" daemon [_thread_blocked, id=24288, stack(0x0000000027e20000,0x0000000027f20000)]
  0x000000001e0f7800 JavaThread "DubboClientHandler-192.168.25.1:20883-thread-2" daemon [_thread_blocked, id=25944, stack(0x0000000027d20000,0x0000000027e20000)]
  0x000000001e0ed000 JavaThread "http-bio-8092-exec-10" daemon [_thread_in_native, id=26004, stack(0x0000000027c20000,0x0000000027d20000)]
  0x0000000018f19000 JavaThread "http-bio-8092-exec-9" daemon [_thread_in_native, id=5208, stack(0x0000000027b20000,0x0000000027c20000)]
  0x0000000018f1c000 JavaThread "http-bio-8092-exec-8" daemon [_thread_in_native, id=27468, stack(0x0000000027a20000,0x0000000027b20000)]
  0x0000000018f1d800 JavaThread "http-bio-8092-exec-7" daemon [_thread_blocked, id=23572, stack(0x0000000027720000,0x0000000027820000)]
  0x0000000018f1c800 JavaThread "DubboResponseTimeoutScanTimer" daemon [_thread_blocked, id=14868, stack(0x0000000027620000,0x0000000027720000)]
  0x0000000018f17800 JavaThread "http-bio-8092-exec-6" daemon [_thread_blocked, id=20720, stack(0x0000000027520000,0x0000000027620000)]
  0x0000000018f1a800 JavaThread "http-bio-8092-exec-5" daemon [_thread_blocked, id=12456, stack(0x0000000027420000,0x0000000027520000)]
  0x0000000018f19800 JavaThread "http-bio-8092-exec-4" daemon [_thread_in_native, id=20396, stack(0x0000000027320000,0x0000000027420000)]
  0x0000000018f18000 JavaThread "http-bio-8092-exec-3" daemon [_thread_blocked, id=22972, stack(0x0000000027220000,0x0000000027320000)]
  0x0000000018f1b000 JavaThread "http-bio-8092-exec-2" daemon [_thread_in_native, id=13580, stack(0x0000000027120000,0x0000000027220000)]
  0x000000001e0fa800 JavaThread "http-bio-8092-exec-1" daemon [_thread_in_native, id=10324, stack(0x0000000027020000,0x0000000027120000)]
  0x000000001e0f9800 JavaThread "http-bio-8092-AsyncTimeout" daemon [_thread_blocked, id=932, stack(0x0000000026f20000,0x0000000027020000)]
  0x000000001e0f6000 JavaThread "http-bio-8092-Acceptor-0" daemon [_thread_in_native, id=26792, stack(0x0000000026e20000,0x0000000026f20000)]
  0x000000001e0f8000 JavaThread "ContainerBackgroundProcessor[StandardEngine[Tomcat]]" daemon [_thread_blocked, id=14296, stack(0x0000000026d20000,0x0000000026e20000)]
  0x000000001e0f6800 JavaThread "dubbo-remoting-client-heartbeat-thread-2" daemon [_thread_blocked, id=3924, stack(0x0000000026720000,0x0000000026820000)]
  0x000000001e0f5000 JavaThread "DubboClientReconnectTimer-thread-2" daemon [_thread_blocked, id=4980, stack(0x0000000026520000,0x0000000026620000)]
  0x000000001e0f9000 JavaThread "dubbo-remoting-client-heartbeat-thread-1" daemon [_thread_blocked, id=21888, stack(0x0000000026420000,0x0000000026520000)]
  0x000000001e0f3800 JavaThread "Hashed wheel timer #1" [_thread_blocked, id=25884, stack(0x0000000026020000,0x0000000026120000)]
  0x000000001e0eb800 JavaThread "DubboClientReconnectTimer-thread-1" daemon [_thread_blocked, id=3256, stack(0x0000000025f20000,0x0000000026020000)]
  0x000000001e0ee800 JavaThread "New I/O boss #6" daemon [_thread_in_native, id=9720, stack(0x0000000025e20000,0x0000000025f20000)]
  0x000000001e0f0800 JavaThread "New I/O worker #5" daemon [_thread_in_native, id=23564, stack(0x0000000025d20000,0x0000000025e20000)]
  0x000000001e0ec000 JavaThread "New I/O worker #4" daemon [_thread_in_native, id=6268, stack(0x0000000025b20000,0x0000000025c20000)]
  0x000000001e0f0000 JavaThread "New I/O worker #3" daemon [_thread_in_native, id=20204, stack(0x0000000025a20000,0x0000000025b20000)]
  0x000000001e0f1800 JavaThread "New I/O worker #2" daemon [_thread_in_native, id=24300, stack(0x0000000025920000,0x0000000025a20000)]
  0x000000001e0f2000 JavaThread "New I/O worker #1" daemon [_thread_in_native, id=14284, stack(0x0000000025820000,0x0000000025920000)]
  0x000000001e0ef000 JavaThread "DubboSaveRegistryCache-thread-1" daemon [_thread_blocked, id=20228, stack(0x0000000025720000,0x0000000025820000)]
  0x000000001d626800 JavaThread "localhost-startStop-1-EventThread" daemon [_thread_blocked, id=20508, stack(0x0000000025520000,0x0000000025620000)]
  0x000000001d626000 JavaThread "localhost-startStop-1-SendThread(47.98.210.231:2181)" daemon [_thread_in_native, id=10248, stack(0x0000000025420000,0x0000000025520000)]
  0x000000001d627800 JavaThread "ZkClient-EventThread-17-47.98.210.231:2181" daemon [_thread_blocked, id=15320, stack(0x0000000025320000,0x0000000025420000)]
  0x000000001d625000 JavaThread "DubboRegistryFailedRetryTimer-thread-1" daemon [_thread_blocked, id=15984, stack(0x0000000025220000,0x0000000025320000)]
  0x000000001d629800 JavaThread "Thread-2" daemon [_thread_in_native, id=25160, stack(0x0000000024920000,0x0000000024a20000)]
  0x0000000018ecc000 JavaThread "Service Thread" daemon [_thread_blocked, id=24176, stack(0x0000000019740000,0x0000000019840000)]
  0x0000000018e58000 JavaThread "C1 CompilerThread2" daemon [_thread_blocked, id=13540, stack(0x0000000019640000,0x0000000019740000)]
=>0x0000000018e55000 JavaThread "C2 CompilerThread1" daemon [_thread_in_native, id=15684, stack(0x0000000019540000,0x0000000019640000)]
  0x0000000017b2c800 JavaThread "C2 CompilerThread0" daemon [_thread_blocked, id=20864, stack(0x0000000019440000,0x0000000019540000)]
  0x0000000017add000 JavaThread "Attach Listener" daemon [_thread_blocked, id=16944, stack(0x0000000019340000,0x0000000019440000)]
  0x0000000018e48800 JavaThread "Signal Dispatcher" daemon [_thread_blocked, id=2776, stack(0x0000000019240000,0x0000000019340000)]
  0x0000000017aba800 JavaThread "Finalizer" daemon [_thread_blocked, id=8464, stack(0x0000000018d40000,0x0000000018e40000)]
  0x0000000017a99000 JavaThread "Reference Handler" daemon [_thread_blocked, id=11176, stack(0x0000000018c40000,0x0000000018d40000)]
  0x0000000002d4e800 JavaThread "main" [_thread_blocked, id=13772, stack(0x0000000002d50000,0x0000000002e50000)]

Other Threads:
  0x0000000017a98000 VMThread [stack: 0x0000000018b40000,0x0000000018c40000] [id=4436]
  0x0000000018ef8800 WatcherThread [stack: 0x0000000019840000,0x0000000019940000] [id=24588]

VM state:not at safepoint (normal execution)

VM Mutex/Monitor currently owned by a thread: None

Heap:
 PSYoungGen      total 275968K, used 128683K [0x00000000d5b80000, 0x00000000e8c00000, 0x0000000100000000)
  eden space 240128K, 44% used [0x00000000d5b80000,0x00000000dc35cdc8,0x00000000e4600000)
  from space 35840K, 62% used [0x00000000e4600000,0x00000000e5bce1c0,0x00000000e6900000)
  to   space 33792K, 0% used [0x00000000e6b00000,0x00000000e6b00000,0x00000000e8c00000)
 ParOldGen       total 128000K, used 41696K [0x0000000081200000, 0x0000000088f00000, 0x00000000d5b80000)
  object space 128000K, 32% used [0x0000000081200000,0x0000000083ab8320,0x0000000088f00000)
 Metaspace       used 54757K, capacity 55654K, committed 56064K, reserved 1099776K
  class space    used 6333K, capacity 6591K, committed 6656K, reserved 1048576K

Card table byte_map: [0x0000000012310000,0x0000000012710000] byte_map_base: 0x0000000011f07000

Marking Bits: (ParMarkBitMap*) 0x000000005a020860
 Begin Bits: [0x0000000012dc0000, 0x0000000014d78000)
 End Bits:   [0x0000000014d78000, 0x0000000016d30000)

Polling page: 0x0000000000be0000

CodeCache: size=245760Kb used=19895Kb max_used=19915Kb free=225864Kb
 bounds [0x0000000002f50000, 0x00000000042e0000, 0x0000000011f50000]
 total_blobs=6573 nmethods=6050 adapters=434
 compilation: enabled

Compilation events (10 events):
Event: 309.240 Thread 0x0000000018e58000 nmethod 7193 0x00000000042c6890 code [0x00000000042c69e0, 0x00000000042c6b30]
Event: 309.245 Thread 0x0000000018e58000 7195       3       java.util.concurrent.locks.ReentrantReadWriteLock$Sync::sharedCount (5 bytes)
Event: 309.245 Thread 0x0000000018e58000 nmethod 7195 0x00000000042c6bd0 code [0x00000000042c6d20, 0x00000000042c6e50]
Event: 309.245 Thread 0x0000000018e58000 7196       3       java.util.concurrent.locks.ReentrantReadWriteLock$ReadLock::unlock (10 bytes)
Event: 309.245 Thread 0x0000000018e58000 nmethod 7196 0x00000000042c6ed0 code [0x00000000042c7060, 0x00000000042c73d8]
Event: 309.246 Thread 0x0000000018e58000 7197       3       java.util.concurrent.locks.ReentrantReadWriteLock$Sync::tryAcquireShared (177 bytes)
Event: 309.247 Thread 0x0000000018e58000 nmethod 7197 0x00000000042c7510 code [0x00000000042c7740, 0x00000000042c8828]
Event: 309.332 Thread 0x0000000017b2c800 nmethod 7091 0x00000000042ce2d0 code [0x00000000042ce820, 0x00000000042d2c70]
Event: 309.332 Thread 0x0000000017b2c800 7144       4       org.eclipse.jdt.internal.compiler.codegen.ConstantPool::writeU1 (38 bytes)
Event: 309.334 Thread 0x0000000017b2c800 nmethod 7144 0x00000000042cb250 code [0x00000000042cb3a0, 0x00000000042cb4a8]

GC Heap History (10 events):
Event: 6.070 GC heap before
{Heap before GC invocations=11 (full 1):
 PSYoungGen      total 157696K, used 154741K [0x00000000d5b80000, 0x00000000e4480000, 0x0000000100000000)
  eden space 129536K, 100% used [0x00000000d5b80000,0x00000000dda00000,0x00000000dda00000)
  from space 28160K, 89% used [0x00000000dda00000,0x00000000df29d668,0x00000000df580000)
  to   space 31232K, 0% used [0x00000000e2600000,0x00000000e2600000,0x00000000e4480000)
 ParOldGen       total 69632K, used 44338K [0x0000000081200000, 0x0000000085600000, 0x00000000d5b80000)
  object space 69632K, 63% used [0x0000000081200000,0x0000000083d4c868,0x0000000085600000)
 Metaspace       used 28911K, capacity 29582K, committed 29824K, reserved 1075200K
  class space    used 3445K, capacity 3657K, committed 3712K, reserved 1048576K
Event: 6.100 GC heap after
Heap after GC invocations=11 (full 1):
 PSYoungGen      total 205312K, used 24580K [0x00000000d5b80000, 0x00000000e4c80000, 0x0000000100000000)
  eden space 174080K, 0% used [0x00000000d5b80000,0x00000000d5b80000,0x00000000e0580000)
  from space 31232K, 78% used [0x00000000e2600000,0x00000000e3e01048,0x00000000e4480000)
  to   space 33280K, 0% used [0x00000000e0580000,0x00000000e0580000,0x00000000e2600000)
 ParOldGen       total 69632K, used 48064K [0x0000000081200000, 0x0000000085600000, 0x00000000d5b80000)
  object space 69632K, 69% used [0x0000000081200000,0x00000000840f03b8,0x0000000085600000)
 Metaspace       used 28911K, capacity 29582K, committed 29824K, reserved 1075200K
  class space    used 3445K, capacity 3657K, committed 3712K, reserved 1048576K
}
Event: 6.624 GC heap before
{Heap before GC invocations=12 (full 1):
 PSYoungGen      total 205312K, used 198660K [0x00000000d5b80000, 0x00000000e4c80000, 0x0000000100000000)
  eden space 174080K, 100% used [0x00000000d5b80000,0x00000000e0580000,0x00000000e0580000)
  from space 31232K, 78% used [0x00000000e2600000,0x00000000e3e01048,0x00000000e4480000)
  to   space 33280K, 0% used [0x00000000e0580000,0x00000000e0580000,0x00000000e2600000)
 ParOldGen       total 69632K, used 48064K [0x0000000081200000, 0x0000000085600000, 0x00000000d5b80000)
  object space 69632K, 69% used [0x0000000081200000,0x00000000840f03b8,0x0000000085600000)
 Metaspace       used 29359K, capacity 30066K, committed 30336K, reserved 1075200K
  class space    used 3502K, capacity 3693K, committed 3712K, reserved 1048576K
Event: 6.652 GC heap after
Heap after GC invocations=12 (full 1):
 PSYoungGen      total 207360K, used 25586K [0x00000000d5b80000, 0x00000000e8d80000, 0x0000000100000000)
  eden space 174080K, 0% used [0x00000000d5b80000,0x00000000d5b80000,0x00000000e0580000)
  from space 33280K, 76% used [0x00000000e0580000,0x00000000e1e7cba8,0x00000000e2600000)
  to   space 35328K, 0% used [0x00000000e6b00000,0x00000000e6b00000,0x00000000e8d80000)
 ParOldGen       total 69632K, used 49672K [0x0000000081200000, 0x0000000085600000, 0x00000000d5b80000)
  object space 69632K, 71% used [0x0000000081200000,0x0000000084282200,0x0000000085600000)
 Metaspace       used 29359K, capacity 30066K, committed 30336K, reserved 1075200K
  class space    used 3502K, capacity 3693K, committed 3712K, reserved 1048576K
}
Event: 7.121 GC heap before
{Heap before GC invocations=13 (full 1):
 PSYoungGen      total 207360K, used 66619K [0x00000000d5b80000, 0x00000000e8d80000, 0x0000000100000000)
  eden space 174080K, 23% used [0x00000000d5b80000,0x00000000d8392108,0x00000000e0580000)
  from space 33280K, 76% used [0x00000000e0580000,0x00000000e1e7cba8,0x00000000e2600000)
  to   space 35328K, 0% used [0x00000000e6b00000,0x00000000e6b00000,0x00000000e8d80000)
 ParOldGen       total 69632K, used 49672K [0x0000000081200000, 0x0000000085600000, 0x00000000d5b80000)
  object space 69632K, 71% used [0x0000000081200000,0x0000000084282200,0x0000000085600000)
 Metaspace       used 34546K, capacity 35256K, committed 35456K, reserved 1081344K
  class space    used 4125K, capacity 4376K, committed 4480K, reserved 1048576K
Event: 7.135 GC heap after
Heap after GC invocations=13 (full 1):
 PSYoungGen      total 273920K, used 3836K [0x00000000d5b80000, 0x00000000e8c00000, 0x0000000100000000)
  eden space 240128K, 0% used [0x00000000d5b80000,0x00000000d5b80000,0x00000000e4600000)
  from space 33792K, 11% used [0x00000000e6b00000,0x00000000e6ebf338,0x00000000e8c00000)
  to   space 35840K, 0% used [0x00000000e4600000,0x00000000e4600000,0x00000000e6900000)
 ParOldGen       total 69632K, used 56268K [0x0000000081200000, 0x0000000085600000, 0x00000000d5b80000)
  object space 69632K, 80% used [0x0000000081200000,0x00000000848f32f0,0x0000000085600000)
 Metaspace       used 34546K, capacity 35256K, committed 35456K, reserved 1081344K
  class space    used 4125K, capacity 4376K, committed 4480K, reserved 1048576K
}
Event: 7.135 GC heap before
{Heap before GC invocations=14 (full 2):
 PSYoungGen      total 273920K, used 3836K [0x00000000d5b80000, 0x00000000e8c00000, 0x0000000100000000)
  eden space 240128K, 0% used [0x00000000d5b80000,0x00000000d5b80000,0x00000000e4600000)
  from space 33792K, 11% used [0x00000000e6b00000,0x00000000e6ebf338,0x00000000e8c00000)
  to   space 35840K, 0% used [0x00000000e4600000,0x00000000e4600000,0x00000000e6900000)
 ParOldGen       total 69632K, used 56268K [0x0000000081200000, 0x0000000085600000, 0x00000000d5b80000)
  object space 69632K, 80% used [0x0000000081200000,0x00000000848f32f0,0x0000000085600000)
 Metaspace       used 34546K, capacity 35256K, committed 35456K, reserved 1081344K
  class space    used 4125K, capacity 4376K, committed 4480K, reserved 1048576K
Event: 7.324 GC heap after
Heap after GC invocations=14 (full 2):
 PSYoungGen      total 273920K, used 0K [0x00000000d5b80000, 0x00000000e8c00000, 0x0000000100000000)
  eden space 240128K, 0% used [0x00000000d5b80000,0x00000000d5b80000,0x00000000e4600000)
  from space 33792K, 0% used [0x00000000e6b00000,0x00000000e6b00000,0x00000000e8c00000)
  to   space 35840K, 0% used [0x00000000e4600000,0x00000000e4600000,0x00000000e6900000)
 ParOldGen       total 128000K, used 41688K [0x0000000081200000, 0x0000000088f00000, 0x00000000d5b80000)
  object space 128000K, 32% used [0x0000000081200000,0x0000000083ab6320,0x0000000088f00000)
 Metaspace       used 34546K, capacity 35256K, committed 35456K, reserved 1081344K
  class space    used 4125K, capacity 4376K, committed 4480K, reserved 1048576K
}
Event: 307.644 GC heap before
{Heap before GC invocations=15 (full 2):
 PSYoungGen      total 273920K, used 240128K [0x00000000d5b80000, 0x00000000e8c00000, 0x0000000100000000)
  eden space 240128K, 100% used [0x00000000d5b80000,0x00000000e4600000,0x00000000e4600000)
  from space 33792K, 0% used [0x00000000e6b00000,0x00000000e6b00000,0x00000000e8c00000)
  to   space 35840K, 0% used [0x00000000e4600000,0x00000000e4600000,0x00000000e6900000)
 ParOldGen       total 128000K, used 41688K [0x0000000081200000, 0x0000000088f00000, 0x00000000d5b80000)
  object space 128000K, 32% used [0x0000000081200000,0x0000000083ab6320,0x0000000088f00000)
 Metaspace       used 49017K, capacity 49802K, committed 50176K, reserved 1093632K
  class space    used 5877K, capacity 6099K, committed 6144K, reserved 1048576K
Event: 307.673 GC heap after
Heap after GC invocations=15 (full 2):
 PSYoungGen      total 275968K, used 22328K [0x00000000d5b80000, 0x00000000e8c00000, 0x0000000100000000)
  eden space 240128K, 0% used [0x00000000d5b80000,0x00000000d5b80000,0x00000000e4600000)
  from space 35840K, 62% used [0x00000000e4600000,0x00000000e5bce1c0,0x00000000e6900000)
  to   space 33792K, 0% used [0x00000000e6b00000,0x00000000e6b00000,0x00000000e8c00000)
 ParOldGen       total 128000K, used 41696K [0x0000000081200000, 0x0000000088f00000, 0x00000000d5b80000)
  object space 128000K, 32% used [0x0000000081200000,0x0000000083ab8320,0x0000000088f00000)
 Metaspace       used 49017K, capacity 49802K, committed 50176K, reserved 1093632K
  class space    used 5877K, capacity 6099K, committed 6144K, reserved 1048576K
}

Deoptimization events (10 events):
Event: 307.782 Thread 0x0000000018f1c000 Uncommon trap: reason=unloaded action=reinterpret pc=0x0000000003e46b24 method=com.sun.org.apache.xerces.internal.dom.DeferredDocumentImpl.getNodeObject(I)Lcom/sun/org/apache/xerces/internal/dom/DeferredNode; @ 225
Event: 308.010 Thread 0x0000000018f1c000 Uncommon trap: reason=unstable_if action=reinterpret pc=0x00000000030ba358 method=sun.nio.cs.UTF_8$Encoder.encode([CII[B)I @ 33
Event: 308.014 Thread 0x0000000018f1c000 Uncommon trap: reason=unstable_if action=reinterpret pc=0x0000000003cd752c method=com.sun.org.apache.xerces.internal.impl.io.UTF8Reader.read([CII)I @ 201
Event: 308.018 Thread 0x0000000018f1c000 Uncommon trap: reason=unstable_if action=reinterpret pc=0x0000000003d113ec method=com.sun.org.apache.xerces.internal.impl.io.UTF8Reader.read([CII)I @ 201
Event: 308.027 Thread 0x0000000018f1c000 Uncommon trap: reason=unstable_if action=reinterpret pc=0x0000000003969d58 method=java.lang.CharacterDataLatin1.isWhitespace(I)Z @ 14
Event: 308.027 Thread 0x0000000018f1c000 Uncommon trap: reason=unstable_if action=reinterpret pc=0x0000000003261bbc method=java.lang.CharacterDataLatin1.isWhitespace(I)Z @ 14
Event: 308.264 Thread 0x0000000018f1c000 Uncommon trap: reason=predicate action=maybe_recompile pc=0x000000000403d728 method=java.util.Properties.load0(Ljava/util/Properties$LineReader;)V @ 15
Event: 308.632 Thread 0x0000000018f1c000 Uncommon trap: reason=class_check action=maybe_recompile pc=0x00000000030a9838 method=java.util.HashMap.removeNode(ILjava/lang/Object;Ljava/lang/Object;ZZ)Ljava/util/HashMap$Node; @ 68
Event: 308.674 Thread 0x0000000018f1c000 Uncommon trap: reason=unstable_if action=reinterpret pc=0x000000000412ddb0 method=org.eclipse.jdt.internal.compiler.parser.Scanner.getNextToken()I @ 281
Event: 308.953 Thread 0x0000000018f19000 Uncommon trap: reason=unstable_if action=reinterpret pc=0x00000000032173c0 method=java.nio.Buffer.limit(I)Ljava/nio/Buffer; @ 33

Classes redefined (0 events):
No events

Internal exceptions (10 events):
Event: 308.073 Thread 0x0000000018f1c000 Exception <a 'java/lang/ClassNotFoundException': org/apache/taglibs/standard/tag/common/core/SetSupportCustomizer> (0x00000000d838fd38) thrown at [C:\re\workspace\8-2-build-windows-amd64-cygwin\jdk8u152\9742\hotspot\src\share\vm\classfile\systemDictionary
Event: 308.075 Thread 0x0000000018f1c000 Exception <a 'java/lang/ClassNotFoundException': org/apache/taglibs/standard/tag/rt/core/SetTagCustomizer> (0x00000000d83bb620) thrown at [C:\re\workspace\8-2-build-windows-amd64-cygwin\jdk8u152\9742\hotspot\src\share\vm\classfile\systemDictionary.cpp, li
Event: 308.304 Thread 0x0000000018f1c000 Exception <a 'java/lang/ArrayIndexOutOfBoundsException': 43795> (0x00000000d92a6610) thrown at [C:\re\workspace\8-2-build-windows-amd64-cygwin\jdk8u152\9742\hotspot\src\share\vm\interpreter\interpreterRuntime.cpp, line 366]
Event: 308.676 Thread 0x0000000018f1c000 Exception <a 'java/lang/ArrayIndexOutOfBoundsException': 3728> (0x00000000da26e510) thrown at [C:\re\workspace\8-2-build-windows-amd64-cygwin\jdk8u152\9742\hotspot\src\share\vm\interpreter\interpreterRuntime.cpp, line 366]
Event: 308.756 Thread 0x0000000018f1c000 Exception <a 'java/lang/ArrayIndexOutOfBoundsException'> (0x00000000daae3038) thrown at [C:\re\workspace\8-2-build-windows-amd64-cygwin\jdk8u152\9742\hotspot\src\share\vm\runtime\sharedRuntime.cpp, line 605]
Event: 308.847 Thread 0x0000000018f1c000 Exception <a 'java/lang/ClassNotFoundException': cn/e3mall/pojo/TbItemBeanInfo> (0x00000000db2780e8) thrown at [C:\re\workspace\8-2-build-windows-amd64-cygwin\jdk8u152\9742\hotspot\src\share\vm\classfile\systemDictionary.cpp, line 210]
Event: 308.848 Thread 0x0000000018f1c000 Exception <a 'java/lang/ClassNotFoundException': cn/e3mall/pojo/TbItemCustomizer> (0x00000000db293f58) thrown at [C:\re\workspace\8-2-build-windows-amd64-cygwin\jdk8u152\9742\hotspot\src\share\vm\classfile\systemDictionary.cpp, line 210]
Event: 308.851 Thread 0x0000000018f1c000 Exception <a 'java/lang/ClassNotFoundException': javax/servlet/jsp/jstl/core/LoopTagSupport$1StatusBeanInfo> (0x00000000db2df850) thrown at [C:\re\workspace\8-2-build-windows-amd64-cygwin\jdk8u152\9742\hotspot\src\share\vm\classfile\systemDictionary.cpp, 
Event: 308.852 Thread 0x0000000018f1c000 Exception <a 'java/lang/ClassNotFoundException': javax/servlet/jsp/jstl/core/LoopTagSupport$1StatusCustomizer> (0x00000000db305ba0) thrown at [C:\re\workspace\8-2-build-windows-amd64-cygwin\jdk8u152\9742\hotspot\src\share\vm\classfile\systemDictionary.cpp
Event: 308.877 Thread 0x0000000018f1c000 Exception <a 'java/lang/ArrayIndexOutOfBoundsException'> (0x00000000db426e48) thrown at [C:\re\workspace\8-2-build-windows-amd64-cygwin\jdk8u152\9742\hotspot\src\share\vm\runtime\sharedRuntime.cpp, line 605]

Events (10 events):
Event: 309.058 loading class javax/el/ExpressionFactory
Event: 309.058 loading class javax/el/ExpressionFactory done
Event: 309.058 loading class org/apache/tomcat/InstanceManager
Event: 309.058 loading class org/apache/tomcat/InstanceManager done
Event: 309.058 loading class javax/servlet/jsp/JspApplicationContext
Event: 309.058 loading class javax/servlet/jsp/JspApplicationContext done
Event: 309.059 loading class org/apache/jasper/runtime/InstanceManagerFactory
Event: 309.059 loading class org/apache/jasper/runtime/InstanceManagerFactory done
Event: 309.061 Executing VM operation: RevokeBias
Event: 309.061 Executing VM operation: RevokeBias done


Dynamic libraries:
0x00007ff6e41e0000 - 0x00007ff6e4217000 	G:\DevelopTools\Java\jdk1.8.0_152\bin\javaw.exe
0x00007ffc27c20000 - 0x00007ffc27dfb000 	C:\Windows\SYSTEM32\ntdll.dll
0x00007ffc27480000 - 0x00007ffc2752e000 	C:\Windows\System32\KERNEL32.DLL
0x00007ffc24810000 - 0x00007ffc24a59000 	C:\Windows\System32\KERNELBASE.dll
0x00007ffc27530000 - 0x00007ffc275d1000 	C:\Windows\System32\ADVAPI32.dll
0x00007ffc254e0000 - 0x00007ffc2557d000 	C:\Windows\System32\msvcrt.dll
0x00007ffc27bb0000 - 0x00007ffc27c09000 	C:\Windows\System32\sechost.dll
0x00007ffc258d0000 - 0x00007ffc259f5000 	C:\Windows\System32\RPCRT4.dll
0x00007ffc25660000 - 0x00007ffc257aa000 	C:\Windows\System32\USER32.dll
0x00007ffc25160000 - 0x00007ffc2517e000 	C:\Windows\System32\win32u.dll
0x00007ffc254b0000 - 0x00007ffc254d7000 	C:\Windows\System32\GDI32.dll
0x00007ffc24440000 - 0x00007ffc245c8000 	C:\Windows\System32\gdi32full.dll
0x00007ffc241f0000 - 0x00007ffc2428a000 	C:\Windows\System32\msvcp_win.dll
0x00007ffc242e0000 - 0x00007ffc243d6000 	C:\Windows\System32\ucrtbase.dll
0x00007ffc166a0000 - 0x00007ffc16907000 	C:\Windows\WinSxS\amd64_microsoft.windows.common-controls_6595b64144ccf1df_6.0.15063.483_none_26002d27e7c744a2\COMCTL32.dll
0x00007ffc251b0000 - 0x00007ffc254a9000 	C:\Windows\System32\combase.dll
0x00007ffc245d0000 - 0x00007ffc2463a000 	C:\Windows\System32\bcryptPrimitives.dll
0x00007ffc25180000 - 0x00007ffc251ad000 	C:\Windows\System32\IMM32.DLL
0x000000005a7f0000 - 0x000000005a8c2000 	G:\DevelopTools\Java\jdk1.8.0_152\jre\bin\msvcr100.dll
0x0000000059800000 - 0x000000005a0a0000 	G:\DevelopTools\Java\jdk1.8.0_152\jre\bin\server\jvm.dll
0x00007ffc27c10000 - 0x00007ffc27c18000 	C:\Windows\System32\PSAPI.DLL
0x00007ffc210c0000 - 0x00007ffc210e3000 	C:\Windows\SYSTEM32\WINMM.dll
0x00007ffc1fe60000 - 0x00007ffc1fe69000 	C:\Windows\SYSTEM32\WSOCK32.dll
0x00007ffc25ba0000 - 0x00007ffc25c0c000 	C:\Windows\System32\WS2_32.dll
0x00007ffc176e0000 - 0x00007ffc176ea000 	C:\Windows\SYSTEM32\VERSION.dll
0x00007ffc21060000 - 0x00007ffc2108b000 	C:\Windows\SYSTEM32\WINMMBASE.dll
0x00007ffc24290000 - 0x00007ffc242d9000 	C:\Windows\System32\cfgmgr32.dll
0x000000005b6c0000 - 0x000000005b6cf000 	G:\DevelopTools\Java\jdk1.8.0_152\jre\bin\verify.dll
0x000000005b690000 - 0x000000005b6b9000 	G:\DevelopTools\Java\jdk1.8.0_152\jre\bin\java.dll
0x000000005a940000 - 0x000000005a956000 	G:\DevelopTools\Java\jdk1.8.0_152\jre\bin\zip.dll
0x00007ffc25c90000 - 0x00007ffc270c6000 	C:\Windows\System32\SHELL32.dll
0x00007ffc270d0000 - 0x00007ffc2717a000 	C:\Windows\System32\shcore.dll
0x00007ffc24a60000 - 0x00007ffc25153000 	C:\Windows\System32\windows.storage.dll
0x00007ffc25c10000 - 0x00007ffc25c61000 	C:\Windows\System32\shlwapi.dll
0x00007ffc240d0000 - 0x00007ffc240e1000 	C:\Windows\System32\kernel.appcore.dll
0x00007ffc240f0000 - 0x00007ffc2413c000 	C:\Windows\System32\powrprof.dll
0x00007ffc240b0000 - 0x00007ffc240c5000 	C:\Windows\System32\profapi.dll
0x000000005a920000 - 0x000000005a93a000 	G:\DevelopTools\Java\jdk1.8.0_152\jre\bin\net.dll
0x00007ffc23970000 - 0x00007ffc239cc000 	C:\Windows\system32\mswsock.dll
0x000000005a900000 - 0x000000005a911000 	G:\DevelopTools\Java\jdk1.8.0_152\jre\bin\nio.dll
0x00007ffc23b10000 - 0x00007ffc23b27000 	C:\Windows\SYSTEM32\CRYPTSP.dll
0x00007ffc23590000 - 0x00007ffc235c4000 	C:\Windows\system32\rsaenh.dll
0x00007ffc23c20000 - 0x00007ffc23c45000 	C:\Windows\SYSTEM32\bcrypt.dll
0x00007ffc23f90000 - 0x00007ffc23fb9000 	C:\Windows\SYSTEM32\USERENV.dll
0x00007ffc23b30000 - 0x00007ffc23b3b000 	C:\Windows\SYSTEM32\CRYPTBASE.dll
0x00007ffc23710000 - 0x00007ffc23747000 	C:\Windows\SYSTEM32\IPHLPAPI.DLL
0x00007ffc27ba0000 - 0x00007ffc27ba8000 	C:\Windows\System32\NSI.dll
0x00007ffc1e950000 - 0x00007ffc1e966000 	C:\Windows\SYSTEM32\dhcpcsvc6.DLL
0x00007ffc1e300000 - 0x00007ffc1e31a000 	C:\Windows\SYSTEM32\dhcpcsvc.DLL
0x000000005a7e0000 - 0x000000005a7ed000 	G:\DevelopTools\Java\jdk1.8.0_152\jre\bin\management.dll
0x00007ffc11220000 - 0x00007ffc11236000 	C:\Windows\system32\napinsp.dll
0x00007ffc11200000 - 0x00007ffc1121a000 	C:\Windows\system32\pnrpnsp.dll
0x00007ffc21320000 - 0x00007ffc21338000 	C:\Windows\system32\NLAapi.dll
0x00007ffc23750000 - 0x00007ffc237f4000 	C:\Windows\SYSTEM32\DNSAPI.dll
0x00007ffc111f0000 - 0x00007ffc111fe000 	C:\Windows\System32\winrnr.dll
0x00007ffc111d0000 - 0x00007ffc111e5000 	C:\Windows\System32\wshbth.dll
0x00007ffc1ae70000 - 0x00007ffc1ae7a000 	C:\Windows\System32\rasadhlp.dll
0x00007ffc1bcc0000 - 0x00007ffc1bd2b000 	C:\Windows\System32\fwpuclnt.dll

VM Arguments:
jvm_args: -Dmaven.home=G:\DevelopTools\apache-maven-3.3.9 -Dclassworlds.conf=G:\Code\JavaEEProject\.metadata\.plugins\org.eclipse.m2e.launching\launches\m2conf127071910792204640.tmp -Dmaven.multiModuleProjectDirectory=G:\Code\JavaEEProject\e3-order-web -Dfile.encoding=UTF-8 
java_command: org.codehaus.plexus.classworlds.launcher.Launcher -B -s G:\Code\JavaEEProject\repository\settings.xml clean tomcat7:run
java_class_path (initial): G:\DevelopTools\apache-maven-3.3.9\boot\plexus-classworlds-2.5.2.jar
Launcher Type: SUN_STANDARD

Environment Variables:
JAVA_HOME=G:\DevelopTools\Java\jdk1.8.0_152
CLASSPATH=.;G:\DevelopTools\Java\jdk1.8.0_152\lib;G:\DevelopTools\Java\jdk1.8.0_152\lib\tools.jar
PATH=G:/DevelopTools/Java/jdk1.8.0_152/bin/../jre/bin/server;G:/DevelopTools/Java/jdk1.8.0_152/bin/../jre/bin;G:/DevelopTools/Java/jdk1.8.0_152/bin/../jre/lib/amd64;C:\Windows\system32;C:\Windows;C:\Windows\System32\Wbem;C:\Windows\System32\WindowsPowerShell\v1.0\;C:\Program Files (x86)\NVIDIA Corporation\PhysX\Common;C:\Program Files\Microsoft SQL Server\110\Tools\Binn\;G:\Program Files\MySQL\MySQL Server 5.5\bin;G:\DevelopTools\Git\cmd;G:\DevelopTools\Redis\;G:\DevelopTools\Python\Scripts\;G:\DevelopTools\Python\;C:\Users\LongLong\AppData\Local\Microsoft\WindowsApps;G:\DevelopTools\Java\jdk1.8.0_152\bin;G:\DevelopTools\Java\jdk1.8.0_152\jre\bin;;G:\DevelopTools\eclipse;
USERNAME=LongLong
OS=Windows_NT
PROCESSOR_IDENTIFIER=Intel64 Family 6 Model 60 Stepping 3, GenuineIntel



---------------  S Y S T E M  ---------------

OS: Windows 10.0 , 64 bit Build 15063 (10.0.15063.296)

CPU:total 4 (initial active 4) (2 cores per cpu, 2 threads per core) family 6 model 60 stepping 3, cmov, cx8, fxsr, mmx, sse, sse2, sse3, ssse3, sse4.1, sse4.2, popcnt, avx, avx2, aes, clmul, erms, lzcnt, ht, tsc, tscinvbit, bmi1, bmi2

Memory: 4k page, physical 8314216k(1555848k free), swap 14755932k(5224k free)

vm_info: Java HotSpot(TM) 64-Bit Server VM (25.152-b16) for windows-amd64 JRE (1.8.0_152-b16), built on Sep 14 2017 02:29:36 by "java_re" with MS VC++ 10.0 (VS2010)

time: Mon Jul 09 23:20:30 2018
elapsed time: 309 seconds (0d 0h 5m 9s)

