#
# There is insufficient memory for the Java Runtime Environment to continue.
# Native memory allocation (malloc) failed to allocate 32744 bytes for ChunkPool::allocate
# Possible reasons:
#   The system is out of physical RAM or swap space
#   In 32 bit mode, the process size limit was hit
# Possible solutions:
#   Reduce memory load on the system
#   Increase physical memory or swap space
#   Check if swap backing store is full
#   Use 64 bit Java on a 64 bit OS
#   Decrease Java heap size (-Xmx/-Xms)
#   Decrease number of Java threads
#   Decrease Java thread stack sizes (-Xss)
#   Set larger code cache with -XX:ReservedCodeCacheSize=
# This output file may be truncated or incomplete.
#
#  Out of Memory Error (allocation.cpp:273), pid=18544, tid=0x0000000000004bf0
#
# JRE version: Java(TM) SE Runtime Environment (8.0_152-b16) (build 1.8.0_152-b16)
# Java VM: Java HotSpot(TM) 64-Bit Server VM (25.152-b16 mixed mode windows-amd64 compressed oops)
# Failed to write core dump. Minidumps are not enabled by default on client versions of Windows
#

---------------  T H R E A D  ---------------

Current thread (0x0000000017dde000):  JavaThread "C2 CompilerThread1" daemon [_thread_in_native, id=19440, stack(0x00000000197d0000,0x00000000198d0000)]

Stack: [0x00000000197d0000,0x00000000198d0000]
[error occurred during error reporting (printing stack bounds), id 0xc0000005]

Native frames: (J=compiled Java code, j=interpreted, Vv=VM code, C=native code)


Current CompileTask:
C2:  34998 6480       4       org.eclipse.jdt.internal.compiler.lookup.BinaryTypeBinding::createMethod (1098 bytes)


---------------  P R O C E S S  ---------------

Java Threads: ( => current thread )
  0x000000001c5ff000 JavaThread "http-bio-8090-exec-10" daemon [_thread_in_native, id=24956, stack(0x0000000028680000,0x0000000028780000)]
  0x000000001c5fc000 JavaThread "http-bio-8090-exec-9" daemon [_thread_in_native, id=21636, stack(0x0000000028580000,0x0000000028680000)]
  0x000000001c5fe800 JavaThread "http-bio-8090-exec-8" daemon [_thread_in_native, id=14436, stack(0x0000000028480000,0x0000000028580000)]
  0x000000001c5fa800 JavaThread "http-bio-8090-exec-7" daemon [_thread_blocked, id=16536, stack(0x0000000028380000,0x0000000028480000)]
  0x000000001c5fb800 JavaThread "DubboResponseTimeoutScanTimer" daemon [_thread_blocked, id=12744, stack(0x0000000027a80000,0x0000000027b80000)]
  0x000000001c5fd000 JavaThread "http-bio-8090-exec-6" daemon [_thread_in_native, id=1684, stack(0x0000000027980000,0x0000000027a80000)]
  0x000000001c5f2800 JavaThread "http-bio-8090-exec-5" daemon [_thread_in_native, id=16360, stack(0x0000000027880000,0x0000000027980000)]
  0x000000001c5f9000 JavaThread "http-bio-8090-exec-4" daemon [_thread_in_native, id=26380, stack(0x0000000027780000,0x0000000027880000)]
  0x000000001c5f8800 JavaThread "http-bio-8090-exec-3" daemon [_thread_blocked, id=12988, stack(0x0000000027680000,0x0000000027780000)]
  0x000000001c5f4800 JavaThread "http-bio-8090-exec-2" daemon [_thread_blocked, id=23104, stack(0x0000000027580000,0x0000000027680000)]
  0x000000001c5f1000 JavaThread "http-bio-8090-exec-1" daemon [_thread_blocked, id=5688, stack(0x0000000027480000,0x0000000027580000)]
  0x000000001c5f4000 JavaThread "http-bio-8090-AsyncTimeout" daemon [_thread_blocked, id=24068, stack(0x0000000027380000,0x0000000027480000)]
  0x000000001c5f7800 JavaThread "http-bio-8090-Acceptor-0" daemon [_thread_in_native, id=6092, stack(0x0000000027280000,0x0000000027380000)]
  0x000000001c5f7000 JavaThread "ContainerBackgroundProcessor[StandardEngine[Tomcat]]" daemon [_thread_blocked, id=21124, stack(0x0000000027180000,0x0000000027280000)]
  0x000000001c5f0000 JavaThread "DubboClientHandler-192.168.25.1:20883-thread-1" daemon [_thread_blocked, id=13692, stack(0x0000000026c80000,0x0000000026d80000)]
  0x000000001c5f3000 JavaThread "dubbo-remoting-client-heartbeat-thread-2" daemon [_thread_blocked, id=9996, stack(0x0000000026b80000,0x0000000026c80000)]
  0x000000001c5f1800 JavaThread "DubboClientHandler-192.168.25.1:20884-thread-1" daemon [_thread_blocked, id=13532, stack(0x0000000026a80000,0x0000000026b80000)]
  0x000000001c5f5800 JavaThread "DubboClientReconnectTimer-thread-2" daemon [_thread_blocked, id=26992, stack(0x0000000026980000,0x0000000026a80000)]
  0x000000001bb92800 JavaThread "dubbo-remoting-client-heartbeat-thread-1" daemon [_thread_blocked, id=8736, stack(0x0000000026880000,0x0000000026980000)]
  0x000000001bb90800 JavaThread "DubboClientHandler-192.168.25.1:20880-thread-1" daemon [_thread_blocked, id=25144, stack(0x0000000026780000,0x0000000026880000)]
  0x000000001bb93800 JavaThread "Hashed wheel timer #1" [_thread_blocked, id=17308, stack(0x0000000026480000,0x0000000026580000)]
  0x000000001bb8e000 JavaThread "DubboClientReconnectTimer-thread-1" daemon [_thread_blocked, id=7256, stack(0x0000000026380000,0x0000000026480000)]
  0x000000001bb8f800 JavaThread "New I/O boss #6" daemon [_thread_in_native, id=4312, stack(0x0000000026280000,0x0000000026380000)]
  0x000000001bb92000 JavaThread "New I/O worker #5" daemon [_thread_in_native, id=19772, stack(0x0000000026180000,0x0000000026280000)]
  0x000000001bb8d000 JavaThread "New I/O worker #4" daemon [_thread_in_native, id=22740, stack(0x0000000025f80000,0x0000000026080000)]
  0x000000001bb94000 JavaThread "New I/O worker #3" daemon [_thread_in_native, id=21792, stack(0x0000000025e80000,0x0000000025f80000)]
  0x000000001f11e800 JavaThread "New I/O worker #2" daemon [_thread_in_native, id=5756, stack(0x0000000025d80000,0x0000000025e80000)]
  0x0000000019ee1000 JavaThread "New I/O worker #1" daemon [_thread_in_native, id=16352, stack(0x0000000025c80000,0x0000000025d80000)]
  0x0000000020e60800 JavaThread "DubboSaveRegistryCache-thread-1" daemon [_thread_blocked, id=22952, stack(0x0000000025b80000,0x0000000025c80000)]
  0x000000002176f800 JavaThread "localhost-startStop-1-EventThread" daemon [_thread_blocked, id=19752, stack(0x0000000025980000,0x0000000025a80000)]
  0x00000000221e0800 JavaThread "localhost-startStop-1-SendThread(47.98.210.231:2181)" daemon [_thread_in_native, id=25580, stack(0x0000000025880000,0x0000000025980000)]
  0x000000001a993800 JavaThread "ZkClient-EventThread-17-47.98.210.231:2181" daemon [_thread_blocked, id=26984, stack(0x00000000252d0000,0x00000000253d0000)]
  0x000000001c0e9800 JavaThread "DubboRegistryFailedRetryTimer-thread-1" daemon [_thread_blocked, id=12536, stack(0x0000000024160000,0x0000000024260000)]
  0x000000001d455000 JavaThread "Thread-2" daemon [_thread_in_native, id=9692, stack(0x000000001f7e0000,0x000000001f8e0000)]
  0x000000001915c800 JavaThread "Service Thread" daemon [_thread_blocked, id=8756, stack(0x00000000199d0000,0x0000000019ad0000)]
  0x00000000190e1800 JavaThread "C1 CompilerThread2" daemon [_thread_blocked, id=25608, stack(0x00000000198d0000,0x00000000199d0000)]
=>0x0000000017dde000 JavaThread "C2 CompilerThread1" daemon [_thread_in_native, id=19440, stack(0x00000000197d0000,0x00000000198d0000)]
  0x0000000017ddb800 JavaThread "C2 CompilerThread0" daemon [_thread_blocked, id=16240, stack(0x00000000196d0000,0x00000000197d0000)]
  0x0000000017d8e800 JavaThread "Attach Listener" daemon [_thread_blocked, id=7996, stack(0x00000000195d0000,0x00000000196d0000)]
  0x00000000190d8800 JavaThread "Signal Dispatcher" daemon [_thread_blocked, id=25892, stack(0x00000000194d0000,0x00000000195d0000)]
  0x0000000017d6a800 JavaThread "Finalizer" daemon [_thread_blocked, id=13660, stack(0x0000000018fd0000,0x00000000190d0000)]
  0x0000000017d48800 JavaThread "Reference Handler" daemon [_thread_blocked, id=22700, stack(0x0000000018ed0000,0x0000000018fd0000)]
  0x00000000030fe800 JavaThread "main" [_thread_blocked, id=16892, stack(0x0000000002f50000,0x0000000003050000)]

Other Threads:
  0x0000000017d47800 VMThread [stack: 0x0000000018dd0000,0x0000000018ed0000] [id=25908]
  0x0000000019182800 WatcherThread [stack: 0x0000000019ad0000,0x0000000019bd0000] [id=5200]

VM state:not at safepoint (normal execution)

VM Mutex/Monitor currently owned by a thread: None

Heap:
 PSYoungGen      total 279552K, used 78883K [0x00000000d5b80000, 0x00000000ee500000, 0x0000000100000000)
  eden space 243200K, 21% used [0x00000000d5b80000,0x00000000d8e9aae0,0x00000000e4900000)
  from space 36352K, 73% used [0x00000000e4900000,0x00000000e62ee428,0x00000000e6c80000)
  to   space 38400K, 0% used [0x00000000ebf80000,0x00000000ebf80000,0x00000000ee500000)
 ParOldGen       total 116224K, used 33675K [0x0000000081200000, 0x0000000088380000, 0x00000000d5b80000)
  object space 116224K, 28% used [0x0000000081200000,0x00000000832e2e88,0x0000000088380000)
 Metaspace       used 54496K, capacity 55324K, committed 55552K, reserved 1097728K
  class space    used 6314K, capacity 6589K, committed 6656K, reserved 1048576K

Card table byte_map: [0x00000000125c0000,0x00000000129c0000] byte_map_base: 0x00000000121b7000

Marking Bits: (ParMarkBitMap*) 0x000000005a020860
 Begin Bits: [0x0000000013070000, 0x0000000015028000)
 End Bits:   [0x0000000015028000, 0x0000000016fe0000)

Polling page: 0x0000000002b40000

CodeCache: size=245760Kb used=19311Kb max_used=19340Kb free=226448Kb
 bounds [0x0000000003200000, 0x0000000004500000, 0x0000000012200000]
 total_blobs=6284 nmethods=5762 adapters=434
 compilation: enabled

Compilation events (10 events):
Event: 34.848 Thread 0x0000000017ddb800 6652       4       org.apache.tomcat.util.http.CookieSupport::isHttpSeparator (34 bytes)
Event: 34.849 Thread 0x0000000017ddb800 nmethod 6652 0x000000000359c0d0 code [0x000000000359c200, 0x000000000359c298]
Event: 34.849 Thread 0x0000000017ddb800 6695       4       org.eclipse.jdt.internal.compiler.codegen.ConstantPool::writeU1 (38 bytes)
Event: 34.849 Thread 0x0000000017ddb800 nmethod 6695 0x00000000044e7b50 code [0x00000000044e7ca0, 0x00000000044e7da8]
Event: 34.849 Thread 0x0000000017ddb800 6670       4       org.eclipse.jdt.internal.compiler.lookup.BinaryTypeBinding::kind (16 bytes)
Event: 34.850 Thread 0x0000000017ddb800 nmethod 6670 0x000000000378e3d0 code [0x000000000378e500, 0x000000000378e578]
Event: 34.850 Thread 0x0000000017ddb800 6697       4       org.apache.jasper.compiler.SmapUtil$SDEInstaller::writeU1 (19 bytes)
Event: 34.850 Thread 0x0000000017ddb800 nmethod 6697 0x00000000044e7890 code [0x00000000044e79c0, 0x00000000044e7a78]
Event: 34.850 Thread 0x0000000017ddb800 6792       4       java.nio.charset.CharsetDecoder::reset (11 bytes)
Event: 34.851 Thread 0x0000000017ddb800 nmethod 6792 0x0000000003cdfdd0 code [0x0000000003cdff20, 0x0000000003cdffb8]

GC Heap History (10 events):
Event: 7.177 GC heap before
{Heap before GC invocations=11 (full 1):
 PSYoungGen      total 157696K, used 154615K [0x00000000d5b80000, 0x00000000e4780000, 0x0000000100000000)
  eden space 129024K, 100% used [0x00000000d5b80000,0x00000000dd980000,0x00000000dd980000)
  from space 28672K, 89% used [0x00000000dd980000,0x00000000df27dff0,0x00000000df580000)
  to   space 31744K, 0% used [0x00000000e2880000,0x00000000e2880000,0x00000000e4780000)
 ParOldGen       total 69632K, used 45739K [0x0000000081200000, 0x0000000085600000, 0x00000000d5b80000)
  object space 69632K, 65% used [0x0000000081200000,0x0000000083eaad28,0x0000000085600000)
 Metaspace       used 28962K, capacity 29572K, committed 29824K, reserved 1075200K
  class space    used 3434K, capacity 3655K, committed 3712K, reserved 1048576K
Event: 7.205 GC heap after
Heap after GC invocations=11 (full 1):
 PSYoungGen      total 207360K, used 25067K [0x00000000d5b80000, 0x00000000e4f00000, 0x0000000100000000)
  eden space 175616K, 0% used [0x00000000d5b80000,0x00000000d5b80000,0x00000000e0700000)
  from space 31744K, 78% used [0x00000000e2880000,0x00000000e40fadc8,0x00000000e4780000)
  to   space 34304K, 0% used [0x00000000e0700000,0x00000000e0700000,0x00000000e2880000)
 ParOldGen       total 69632K, used 49854K [0x0000000081200000, 0x0000000085600000, 0x00000000d5b80000)
  object space 69632K, 71% used [0x0000000081200000,0x00000000842af858,0x0000000085600000)
 Metaspace       used 28962K, capacity 29572K, committed 29824K, reserved 1075200K
  class space    used 3434K, capacity 3655K, committed 3712K, reserved 1048576K
}
Event: 7.825 GC heap before
{Heap before GC invocations=12 (full 1):
 PSYoungGen      total 207360K, used 200683K [0x00000000d5b80000, 0x00000000e4f00000, 0x0000000100000000)
  eden space 175616K, 100% used [0x00000000d5b80000,0x00000000e0700000,0x00000000e0700000)
  from space 31744K, 78% used [0x00000000e2880000,0x00000000e40fadc8,0x00000000e4780000)
  to   space 34304K, 0% used [0x00000000e0700000,0x00000000e0700000,0x00000000e2880000)
 ParOldGen       total 69632K, used 49854K [0x0000000081200000, 0x0000000085600000, 0x00000000d5b80000)
  object space 69632K, 71% used [0x0000000081200000,0x00000000842af858,0x0000000085600000)
 Metaspace       used 29420K, capacity 30066K, committed 30336K, reserved 1075200K
  class space    used 3495K, capacity 3693K, committed 3712K, reserved 1048576K
Event: 7.860 GC heap after
Heap after GC invocations=12 (full 1):
 PSYoungGen      total 209920K, used 25348K [0x00000000d5b80000, 0x00000000e9200000, 0x0000000100000000)
  eden space 175616K, 0% used [0x00000000d5b80000,0x00000000d5b80000,0x00000000e0700000)
  from space 34304K, 73% used [0x00000000e0700000,0x00000000e1fc1008,0x00000000e2880000)
  to   space 35840K, 0% used [0x00000000e6f00000,0x00000000e6f00000,0x00000000e9200000)
 ParOldGen       total 69632K, used 52112K [0x0000000081200000, 0x0000000085600000, 0x00000000d5b80000)
  object space 69632K, 74% used [0x0000000081200000,0x00000000844e4228,0x0000000085600000)
 Metaspace       used 29420K, capacity 30066K, committed 30336K, reserved 1075200K
  class space    used 3495K, capacity 3693K, committed 3712K, reserved 1048576K
}
Event: 8.432 GC heap before
{Heap before GC invocations=13 (full 1):
 PSYoungGen      total 209920K, used 66610K [0x00000000d5b80000, 0x00000000e9200000, 0x0000000100000000)
  eden space 175616K, 23% used [0x00000000d5b80000,0x00000000d83cbb28,0x00000000e0700000)
  from space 34304K, 73% used [0x00000000e0700000,0x00000000e1fc1008,0x00000000e2880000)
  to   space 35840K, 0% used [0x00000000e6f00000,0x00000000e6f00000,0x00000000e9200000)
 ParOldGen       total 69632K, used 52112K [0x0000000081200000, 0x0000000085600000, 0x00000000d5b80000)
  object space 69632K, 74% used [0x0000000081200000,0x00000000844e4228,0x0000000085600000)
 Metaspace       used 34633K, capacity 35288K, committed 35496K, reserved 1081344K
  class space    used 4117K, capacity 4344K, committed 4352K, reserved 1048576K
Event: 8.447 GC heap after
Heap after GC invocations=13 (full 1):
 PSYoungGen      total 276992K, used 3911K [0x00000000d5b80000, 0x00000000e9000000, 0x0000000100000000)
  eden space 243200K, 0% used [0x00000000d5b80000,0x00000000d5b80000,0x00000000e4900000)
  from space 33792K, 11% used [0x00000000e6f00000,0x00000000e72d1fb8,0x00000000e9000000)
  to   space 36352K, 0% used [0x00000000e4900000,0x00000000e4900000,0x00000000e6c80000)
 ParOldGen       total 69632K, used 57634K [0x0000000081200000, 0x0000000085600000, 0x00000000d5b80000)
  object space 69632K, 82% used [0x0000000081200000,0x0000000084a48aa8,0x0000000085600000)
 Metaspace       used 34633K, capacity 35288K, committed 35496K, reserved 1081344K
  class space    used 4117K, capacity 4344K, committed 4352K, reserved 1048576K
}
Event: 8.447 GC heap before
{Heap before GC invocations=14 (full 2):
 PSYoungGen      total 276992K, used 3911K [0x00000000d5b80000, 0x00000000e9000000, 0x0000000100000000)
  eden space 243200K, 0% used [0x00000000d5b80000,0x00000000d5b80000,0x00000000e4900000)
  from space 33792K, 11% used [0x00000000e6f00000,0x00000000e72d1fb8,0x00000000e9000000)
  to   space 36352K, 0% used [0x00000000e4900000,0x00000000e4900000,0x00000000e6c80000)
 ParOldGen       total 69632K, used 57634K [0x0000000081200000, 0x0000000085600000, 0x00000000d5b80000)
  object space 69632K, 82% used [0x0000000081200000,0x0000000084a48aa8,0x0000000085600000)
 Metaspace       used 34633K, capacity 35288K, committed 35496K, reserved 1081344K
  class space    used 4117K, capacity 4344K, committed 4352K, reserved 1048576K
Event: 8.577 GC heap after
Heap after GC invocations=14 (full 2):
 PSYoungGen      total 276992K, used 0K [0x00000000d5b80000, 0x00000000e9000000, 0x0000000100000000)
  eden space 243200K, 0% used [0x00000000d5b80000,0x00000000d5b80000,0x00000000e4900000)
  from space 33792K, 0% used [0x00000000e6f00000,0x00000000e6f00000,0x00000000e9000000)
  to   space 36352K, 0% used [0x00000000e4900000,0x00000000e4900000,0x00000000e6c80000)
 ParOldGen       total 116224K, used 33667K [0x0000000081200000, 0x0000000088380000, 0x00000000d5b80000)
  object space 116224K, 28% used [0x0000000081200000,0x00000000832e0e88,0x0000000088380000)
 Metaspace       used 34633K, capacity 35288K, committed 35496K, reserved 1081344K
  class space    used 4117K, capacity 4344K, committed 4352K, reserved 1048576K
}
Event: 34.094 GC heap before
{Heap before GC invocations=15 (full 2):
 PSYoungGen      total 276992K, used 243200K [0x00000000d5b80000, 0x00000000e9000000, 0x0000000100000000)
  eden space 243200K, 100% used [0x00000000d5b80000,0x00000000e4900000,0x00000000e4900000)
  from space 33792K, 0% used [0x00000000e6f00000,0x00000000e6f00000,0x00000000e9000000)
  to   space 36352K, 0% used [0x00000000e4900000,0x00000000e4900000,0x00000000e6c80000)
 ParOldGen       total 116224K, used 33667K [0x0000000081200000, 0x0000000088380000, 0x00000000d5b80000)
  object space 116224K, 28% used [0x0000000081200000,0x00000000832e0e88,0x0000000088380000)
 Metaspace       used 52397K, capacity 53194K, committed 53632K, reserved 1095680K
  class space    used 6183K, capacity 6419K, committed 6528K, reserved 1048576K
Event: 34.114 GC heap after
Heap after GC invocations=15 (full 2):
 PSYoungGen      total 279552K, used 26553K [0x00000000d5b80000, 0x00000000ee500000, 0x0000000100000000)
  eden space 243200K, 0% used [0x00000000d5b80000,0x00000000d5b80000,0x00000000e4900000)
  from space 36352K, 73% used [0x00000000e4900000,0x00000000e62ee428,0x00000000e6c80000)
  to   space 38400K, 0% used [0x00000000ebf80000,0x00000000ebf80000,0x00000000ee500000)
 ParOldGen       total 116224K, used 33675K [0x0000000081200000, 0x0000000088380000, 0x00000000d5b80000)
  object space 116224K, 28% used [0x0000000081200000,0x00000000832e2e88,0x0000000088380000)
 Metaspace       used 52397K, capacity 53194K, committed 53632K, reserved 1095680K
  class space    used 6183K, capacity 6419K, committed 6528K, reserved 1048576K
}

Deoptimization events (10 events):
Event: 33.927 Thread 0x000000001c5f1000 Uncommon trap: reason=class_check action=maybe_recompile pc=0x00000000037bec80 method=java.io.DataInputStream.readByte()B @ 4
Event: 34.069 Thread 0x000000001c5f1000 Uncommon trap: reason=unstable_if action=reinterpret pc=0x00000000039a30e8 method=java.io.ExpiringCache.entryFor(Ljava/lang/String;)Ljava/io/ExpiringCache$Entry; @ 39
Event: 34.087 Thread 0x000000001c5f1000 Uncommon trap: reason=predicate action=maybe_recompile pc=0x0000000003f9aef4 method=java.util.Properties.load0(Ljava/util/Properties$LineReader;)V @ 15
Event: 34.279 Thread 0x000000001c5f1000 Uncommon trap: reason=class_check action=maybe_recompile pc=0x0000000003317f18 method=java.util.HashMap.removeNode(ILjava/lang/Object;Ljava/lang/Object;ZZ)Ljava/util/HashMap$Node; @ 143
Event: 34.351 Thread 0x000000001c5f1000 Uncommon trap: reason=class_check action=maybe_recompile pc=0x0000000003317f18 method=java.util.HashMap.removeNode(ILjava/lang/Object;Ljava/lang/Object;ZZ)Ljava/util/HashMap$Node; @ 143
Event: 34.362 Thread 0x000000001c5f1000 Uncommon trap: reason=unstable_if action=reinterpret pc=0x000000000382b6a0 method=sun.nio.cs.UTF_8$Decoder.decodeArrayLoop(Ljava/nio/ByteBuffer;Ljava/nio/CharBuffer;)Ljava/nio/charset/CoderResult; @ 287
Event: 34.370 Thread 0x000000001c5f1000 Uncommon trap: reason=unstable_if action=reinterpret pc=0x00000000043d42bc method=sun.nio.cs.UTF_8$Encoder.encodeArrayLoop(Ljava/nio/CharBuffer;Ljava/nio/ByteBuffer;)Ljava/nio/charset/CoderResult; @ 134
Event: 34.432 Thread 0x000000001c5f1000 Uncommon trap: reason=class_check action=maybe_recompile pc=0x0000000003317f18 method=java.util.HashMap.removeNode(ILjava/lang/Object;Ljava/lang/Object;ZZ)Ljava/util/HashMap$Node; @ 143
Event: 34.532 Thread 0x000000001c5fa800 Uncommon trap: reason=unstable_if action=reinterpret pc=0x000000000348ffc0 method=java.nio.Buffer.limit(I)Ljava/nio/Buffer; @ 33
Event: 34.564 Thread 0x000000001c5f1000 Uncommon trap: reason=class_check action=maybe_recompile pc=0x0000000003317f18 method=java.util.HashMap.removeNode(ILjava/lang/Object;Ljava/lang/Object;ZZ)Ljava/util/HashMap$Node; @ 143

Classes redefined (0 events):
No events

Internal exceptions (10 events):
Event: 20.682 Thread 0x0000000019448000 Exception <a 'java/lang/ClassNotFoundException': org/springframework/web/servlet/view/DefaultRequestToViewNameTranslatorCustomizer> (0x00000000e0f6f658) thrown at [C:\re\workspace\8-2-build-windows-amd64-cygwin\jdk8u152\9742\hotspot\src\share\vm\classfile
Event: 20.686 Thread 0x0000000019448000 Exception <a 'java/lang/ClassNotFoundException': org/springframework/web/servlet/support/SessionFlashMapManagerBeanInfo> (0x00000000e0fd4010) thrown at [C:\re\workspace\8-2-build-windows-amd64-cygwin\jdk8u152\9742\hotspot\src\share\vm\classfile\systemDict
Event: 20.687 Thread 0x0000000019448000 Exception <a 'java/lang/ClassNotFoundException': org/springframework/web/servlet/support/AbstractFlashMapManagerBeanInfo> (0x00000000e0ffd3c8) thrown at [C:\re\workspace\8-2-build-windows-amd64-cygwin\jdk8u152\9742\hotspot\src\share\vm\classfile\systemDic
Event: 20.688 Thread 0x0000000019448000 Exception <a 'java/lang/ClassNotFoundException': org/springframework/web/servlet/support/AbstractFlashMapManagerCustomizer> (0x00000000e1026ad0) thrown at [C:\re\workspace\8-2-build-windows-amd64-cygwin\jdk8u152\9742\hotspot\src\share\vm\classfile\systemD
Event: 20.689 Thread 0x0000000019448000 Exception <a 'java/lang/ClassNotFoundException': org/springframework/web/servlet/support/SessionFlashMapManagerCustomizer> (0x00000000e1057270) thrown at [C:\re\workspace\8-2-build-windows-amd64-cygwin\jdk8u152\9742\hotspot\src\share\vm\classfile\systemDi
Event: 34.134 Thread 0x000000001c5f1000 Exception <a 'java/lang/ArrayIndexOutOfBoundsException': 5543> (0x00000000d5c65218) thrown at [C:\re\workspace\8-2-build-windows-amd64-cygwin\jdk8u152\9742\hotspot\src\share\vm\interpreter\interpreterRuntime.cpp, line 366]
Event: 34.314 Thread 0x000000001c5f1000 Exception <a 'java/lang/ArrayIndexOutOfBoundsException'> (0x00000000d68a97d0) thrown at [C:\re\workspace\8-2-build-windows-amd64-cygwin\jdk8u152\9742\hotspot\src\share\vm\runtime\sharedRuntime.cpp, line 605]
Event: 34.377 Thread 0x000000001c5f1000 Exception <a 'java/lang/ArrayIndexOutOfBoundsException'> (0x00000000d705c408) thrown at [C:\re\workspace\8-2-build-windows-amd64-cygwin\jdk8u152\9742\hotspot\src\share\vm\runtime\sharedRuntime.cpp, line 605]
Event: 34.477 Thread 0x000000001c5f1000 Exception <a 'java/lang/ArrayIndexOutOfBoundsException'> (0x00000000d78ad708) thrown at [C:\re\workspace\8-2-build-windows-amd64-cygwin\jdk8u152\9742\hotspot\src\share\vm\runtime\sharedRuntime.cpp, line 605]
Event: 34.604 Thread 0x000000001c5f1000 Exception <a 'java/lang/ArrayIndexOutOfBoundsException'> (0x00000000d871a4f0) thrown at [C:\re\workspace\8-2-build-windows-amd64-cygwin\jdk8u152\9742\hotspot\src\share\vm\runtime\sharedRuntime.cpp, line 605]

Events (10 events):
Event: 34.706 Executing VM operation: RevokeBias
Event: 34.706 Executing VM operation: RevokeBias done
Event: 34.706 Executing VM operation: RevokeBias
Event: 34.706 Executing VM operation: RevokeBias done
Event: 34.714 loading class java/util/concurrent/locks/ReentrantReadWriteLock$Sync$HoldCounter
Event: 34.714 loading class java/util/concurrent/locks/ReentrantReadWriteLock$Sync$HoldCounter done
Event: 34.716 Executing VM operation: RevokeBias
Event: 34.716 Executing VM operation: RevokeBias done
Event: 34.718 Executing VM operation: RevokeBias
Event: 34.718 Executing VM operation: RevokeBias done


Dynamic libraries:
0x00007ff6e41e0000 - 0x00007ff6e4217000 	G:\DevelopTools\Java\jdk1.8.0_152\bin\javaw.exe
0x00007ffc27c20000 - 0x00007ffc27dfb000 	C:\Windows\SYSTEM32\ntdll.dll
0x00007ffc27480000 - 0x00007ffc2752e000 	C:\Windows\System32\KERNEL32.DLL
0x00007ffc24810000 - 0x00007ffc24a59000 	C:\Windows\System32\KERNELBASE.dll
0x00007ffc27530000 - 0x00007ffc275d1000 	C:\Windows\System32\ADVAPI32.dll
0x00007ffc254e0000 - 0x00007ffc2557d000 	C:\Windows\System32\msvcrt.dll
0x00007ffc27bb0000 - 0x00007ffc27c09000 	C:\Windows\System32\sechost.dll
0x00007ffc258d0000 - 0x00007ffc259f5000 	C:\Windows\System32\RPCRT4.dll
0x00007ffc25660000 - 0x00007ffc257aa000 	C:\Windows\System32\USER32.dll
0x00007ffc25160000 - 0x00007ffc2517e000 	C:\Windows\System32\win32u.dll
0x00007ffc254b0000 - 0x00007ffc254d7000 	C:\Windows\System32\GDI32.dll
0x00007ffc24440000 - 0x00007ffc245c8000 	C:\Windows\System32\gdi32full.dll
0x00007ffc241f0000 - 0x00007ffc2428a000 	C:\Windows\System32\msvcp_win.dll
0x00007ffc242e0000 - 0x00007ffc243d6000 	C:\Windows\System32\ucrtbase.dll
0x00007ffc166a0000 - 0x00007ffc16907000 	C:\Windows\WinSxS\amd64_microsoft.windows.common-controls_6595b64144ccf1df_6.0.15063.483_none_26002d27e7c744a2\COMCTL32.dll
0x00007ffc251b0000 - 0x00007ffc254a9000 	C:\Windows\System32\combase.dll
0x00007ffc245d0000 - 0x00007ffc2463a000 	C:\Windows\System32\bcryptPrimitives.dll
0x00007ffc25180000 - 0x00007ffc251ad000 	C:\Windows\System32\IMM32.DLL
0x000000005a7f0000 - 0x000000005a8c2000 	G:\DevelopTools\Java\jdk1.8.0_152\jre\bin\msvcr100.dll
0x0000000059800000 - 0x000000005a0a0000 	G:\DevelopTools\Java\jdk1.8.0_152\jre\bin\server\jvm.dll
0x00007ffc27c10000 - 0x00007ffc27c18000 	C:\Windows\System32\PSAPI.DLL
0x00007ffc210c0000 - 0x00007ffc210e3000 	C:\Windows\SYSTEM32\WINMM.dll
0x00007ffc1fe60000 - 0x00007ffc1fe69000 	C:\Windows\SYSTEM32\WSOCK32.dll
0x00007ffc25ba0000 - 0x00007ffc25c0c000 	C:\Windows\System32\WS2_32.dll
0x00007ffc176e0000 - 0x00007ffc176ea000 	C:\Windows\SYSTEM32\VERSION.dll
0x00007ffc21060000 - 0x00007ffc2108b000 	C:\Windows\SYSTEM32\winmmbase.dll
0x00007ffc24290000 - 0x00007ffc242d9000 	C:\Windows\System32\cfgmgr32.dll
0x000000005b6c0000 - 0x000000005b6cf000 	G:\DevelopTools\Java\jdk1.8.0_152\jre\bin\verify.dll
0x000000005b690000 - 0x000000005b6b9000 	G:\DevelopTools\Java\jdk1.8.0_152\jre\bin\java.dll
0x000000005a940000 - 0x000000005a956000 	G:\DevelopTools\Java\jdk1.8.0_152\jre\bin\zip.dll
0x00007ffc25c90000 - 0x00007ffc270c6000 	C:\Windows\System32\SHELL32.dll
0x00007ffc270d0000 - 0x00007ffc2717a000 	C:\Windows\System32\shcore.dll
0x00007ffc24a60000 - 0x00007ffc25153000 	C:\Windows\System32\windows.storage.dll
0x00007ffc25c10000 - 0x00007ffc25c61000 	C:\Windows\System32\shlwapi.dll
0x00007ffc240d0000 - 0x00007ffc240e1000 	C:\Windows\System32\kernel.appcore.dll
0x00007ffc240f0000 - 0x00007ffc2413c000 	C:\Windows\System32\powrprof.dll
0x00007ffc240b0000 - 0x00007ffc240c5000 	C:\Windows\System32\profapi.dll
0x000000005a920000 - 0x000000005a93a000 	G:\DevelopTools\Java\jdk1.8.0_152\jre\bin\net.dll
0x00007ffc23970000 - 0x00007ffc239cc000 	C:\Windows\system32\mswsock.dll
0x000000005a900000 - 0x000000005a911000 	G:\DevelopTools\Java\jdk1.8.0_152\jre\bin\nio.dll
0x00007ffc23b10000 - 0x00007ffc23b27000 	C:\Windows\SYSTEM32\CRYPTSP.dll
0x00007ffc23590000 - 0x00007ffc235c4000 	C:\Windows\system32\rsaenh.dll
0x00007ffc23c20000 - 0x00007ffc23c45000 	C:\Windows\SYSTEM32\bcrypt.dll
0x00007ffc23f90000 - 0x00007ffc23fb9000 	C:\Windows\SYSTEM32\USERENV.dll
0x00007ffc23b30000 - 0x00007ffc23b3b000 	C:\Windows\SYSTEM32\CRYPTBASE.dll
0x00007ffc23710000 - 0x00007ffc23747000 	C:\Windows\SYSTEM32\IPHLPAPI.DLL
0x00007ffc27ba0000 - 0x00007ffc27ba8000 	C:\Windows\System32\NSI.dll
0x00007ffc1e950000 - 0x00007ffc1e966000 	C:\Windows\SYSTEM32\dhcpcsvc6.DLL
0x00007ffc1e300000 - 0x00007ffc1e31a000 	C:\Windows\SYSTEM32\dhcpcsvc.DLL
0x000000005a7e0000 - 0x000000005a7ed000 	G:\DevelopTools\Java\jdk1.8.0_152\jre\bin\management.dll
0x00007ffc11220000 - 0x00007ffc11236000 	C:\Windows\system32\napinsp.dll
0x00007ffc11200000 - 0x00007ffc1121a000 	C:\Windows\system32\pnrpnsp.dll
0x00007ffc21320000 - 0x00007ffc21338000 	C:\Windows\system32\NLAapi.dll
0x00007ffc23750000 - 0x00007ffc237f4000 	C:\Windows\SYSTEM32\DNSAPI.dll
0x00007ffc111f0000 - 0x00007ffc111fe000 	C:\Windows\System32\winrnr.dll
0x00007ffc111d0000 - 0x00007ffc111e5000 	C:\Windows\System32\wshbth.dll
0x00007ffc1ae70000 - 0x00007ffc1ae7a000 	C:\Windows\System32\rasadhlp.dll
0x00007ffc1bcc0000 - 0x00007ffc1bd2b000 	C:\Windows\System32\fwpuclnt.dll

VM Arguments:
jvm_args: -Dmaven.home=G:\DevelopTools\apache-maven-3.3.9 -Dclassworlds.conf=G:\Code\JavaEEProject\.metadata\.plugins\org.eclipse.m2e.launching\launches\m2conf1166483414833892373.tmp -Dmaven.multiModuleProjectDirectory=G:\Code\JavaEEProject\e3-cart-web -Dfile.encoding=UTF-8 
java_command: org.codehaus.plexus.classworlds.launcher.Launcher -B -s G:\Code\JavaEEProject\repository\settings.xml clean tomcat7:run
java_class_path (initial): G:\DevelopTools\apache-maven-3.3.9\boot\plexus-classworlds-2.5.2.jar
Launcher Type: SUN_STANDARD

Environment Variables:
JAVA_HOME=G:\DevelopTools\Java\jdk1.8.0_152
CLASSPATH=.;G:\DevelopTools\Java\jdk1.8.0_152\lib;G:\DevelopTools\Java\jdk1.8.0_152\lib\tools.jar
PATH=G:/DevelopTools/Java/jdk1.8.0_152/bin/../jre/bin/server;G:/DevelopTools/Java/jdk1.8.0_152/bin/../jre/bin;G:/DevelopTools/Java/jdk1.8.0_152/bin/../jre/lib/amd64;C:\Windows\system32;C:\Windows;C:\Windows\System32\Wbem;C:\Windows\System32\WindowsPowerShell\v1.0\;C:\Program Files (x86)\NVIDIA Corporation\PhysX\Common;C:\Program Files\Microsoft SQL Server\110\Tools\Binn\;G:\Program Files\MySQL\MySQL Server 5.5\bin;G:\DevelopTools\Git\cmd;G:\DevelopTools\Redis\;G:\DevelopTools\Python\Scripts\;G:\DevelopTools\Python\;C:\Users\LongLong\AppData\Local\Microsoft\WindowsApps;G:\DevelopTools\Java\jdk1.8.0_152\bin;G:\DevelopTools\Java\jdk1.8.0_152\jre\bin;;G:\DevelopTools\eclipse;
USERNAME=LongLong
OS=Windows_NT
PROCESSOR_IDENTIFIER=Intel64 Family 6 Model 60 Stepping 3, GenuineIntel



---------------  S Y S T E M  ---------------

OS: Windows 10.0 , 64 bit Build 15063 (10.0.15063.296)

CPU:total 4 (initial active 4) (2 cores per cpu, 2 threads per core) family 6 model 60 stepping 3, cmov, cx8, fxsr, mmx, sse, sse2, sse3, ssse3, sse4.1, sse4.2, popcnt, avx, avx2, aes, clmul, erms, lzcnt, ht, tsc, tscinvbit, bmi1, bmi2

Memory: 4k page, physical 8314216k(244844k free), swap 14755932k(4792k free)

vm_info: Java HotSpot(TM) 64-Bit Server VM (25.152-b16) for windows-amd64 JRE (1.8.0_152-b16), built on Sep 14 2017 02:29:36 by "java_re" with MS VC++ 10.0 (VS2010)

time: Mon Jul 09 23:06:18 2018
elapsed time: 34 seconds (0d 0h 0m 34s)

